<?xml version="1.0" encoding="UTF-8"?>
<!-- Generated by org.testng.reporters.JUnitReportReporter -->
<testsuite hostname="NomadicShri" failures="0" tests="6" name="PathFactory.PathFactory.AutomationPractice" time="35.166" errors="0" timestamp="2022-06-17T11:06:44 EDT" skipped="0">
  <testcase classname="PathFactory.PathFactory.AutomationPractice" name="verifyLandingPageTest" time="0.022"/>
  <system-out/>
  <testcase classname="PathFactory.PathFactory.AutomationPractice" name="verifyEmptyStateErrorTest" time="12.813"/>
  <system-out/>
  <testcase classname="PathFactory.PathFactory.AutomationPractice" name="verifyIncorrectPasswordErrorTest" time="2.672"/>
  <system-out/>
  <testcase classname="PathFactory.PathFactory.AutomationPractice" name="verifyIncorrectEmailErrorTest" time="2.161"/>
  <system-out/>
  <testcase classname="PathFactory.PathFactory.AutomationPractice" name="verifyForgotPasswordLinkTest" time="14.992"/>
  <system-out/>
  <testcase classname="PathFactory.PathFactory.AutomationPractice" name="verifyLoginSuccess" time="2.506"/>
  <system-out/>
</testsuite> <!-- PathFactory.PathFactory.AutomationPractice -->
