<?xml version="1.0" encoding="UTF-8"?>
<!-- Generated by org.testng.reporters.JUnitReportReporter -->
<testsuite hostname="NomadicShri" failures="0" tests="1" name="PathFactory.PathFactory.NewTest" time="10.939" errors="0" timestamp="2022-02-23T18:44:49 EST" skipped="0">
  <testcase classname="PathFactory.PathFactory.NewTest" name="afterTest" time="10.939"/>
  <system-out/>
</testsuite> <!-- PathFactory.PathFactory.NewTest -->
